[2022-09-27 12:17:54,920][main.py][line:55][INFO] train nodes:247
[2022-09-27 12:17:54,920][main.py][line:56][INFO] val nodes:249
[2022-09-27 12:17:54,920][main.py][line:57][INFO] test nodes:1988
[2022-09-27 12:17:54,921][main.py][line:99][INFO] Namespace(alpha=-0.3, attack='mettack', beta=2.0, cos=0.1, dataset='cora', jt=0.03, k=5, log=False, ptb_rate=0.05, threshold=1)
[2022-09-27 12:17:54,922][main.py][line:101][INFO] ===start preprocessing the graph===
[2022-09-27 12:17:55,000][utils.py][line:109][INFO] removed 1175 edges in the original graph
[2022-09-27 12:17:55,003][main.py][line:105][INFO] ===start getting contrastive embeddings===
[2022-09-27 12:18:00,132][robcon.py][line:28][INFO] Using CUDA
[2022-09-27 12:18:00,774][robcon.py][line:60][INFO] Loss:[0.6930]
[2022-09-27 12:18:01,025][robcon.py][line:60][INFO] Loss:[3.1229]
[2022-09-27 12:18:01,093][robcon.py][line:60][INFO] Loss:[0.7410]
[2022-09-27 12:18:01,162][robcon.py][line:60][INFO] Loss:[1.4884]
[2022-09-27 12:18:01,230][robcon.py][line:60][INFO] Loss:[1.2691]
[2022-09-27 12:18:01,299][robcon.py][line:60][INFO] Loss:[0.8493]
[2022-09-27 12:18:01,367][robcon.py][line:60][INFO] Loss:[1.1889]
[2022-09-27 12:18:01,436][robcon.py][line:60][INFO] Loss:[1.3081]
[2022-09-27 12:18:01,504][robcon.py][line:60][INFO] Loss:[1.0580]
[2022-09-27 12:18:01,572][robcon.py][line:60][INFO] Loss:[0.7533]
[2022-09-27 12:18:01,640][robcon.py][line:60][INFO] Loss:[0.7535]
[2022-09-27 12:18:01,708][robcon.py][line:60][INFO] Loss:[0.9170]
[2022-09-27 12:18:01,776][robcon.py][line:60][INFO] Loss:[0.9667]
[2022-09-27 12:18:01,845][robcon.py][line:60][INFO] Loss:[0.8765]
[2022-09-27 12:18:01,913][robcon.py][line:60][INFO] Loss:[0.7477]
[2022-09-27 12:18:01,981][robcon.py][line:60][INFO] Loss:[0.6931]
[2022-09-27 12:18:02,049][robcon.py][line:60][INFO] Loss:[0.7293]
[2022-09-27 12:18:02,117][robcon.py][line:60][INFO] Loss:[0.7789]
[2022-09-27 12:18:02,185][robcon.py][line:60][INFO] Loss:[0.7637]
[2022-09-27 12:18:02,254][robcon.py][line:60][INFO] Loss:[0.7177]
[2022-09-27 12:18:02,324][robcon.py][line:60][INFO] Loss:[0.6820]
[2022-09-27 12:18:02,394][robcon.py][line:60][INFO] Loss:[0.6787]
[2022-09-27 12:18:02,463][robcon.py][line:60][INFO] Loss:[0.6997]
[2022-09-27 12:18:02,532][robcon.py][line:60][INFO] Loss:[0.7141]
[2022-09-27 12:18:02,601][robcon.py][line:60][INFO] Loss:[0.7122]
[2022-09-27 12:18:02,669][robcon.py][line:60][INFO] Loss:[0.6963]
[2022-09-27 12:18:02,738][robcon.py][line:60][INFO] Loss:[0.6752]
[2022-09-27 12:18:02,807][robcon.py][line:60][INFO] Loss:[0.6654]
[2022-09-27 12:18:02,876][robcon.py][line:60][INFO] Loss:[0.6727]
[2022-09-27 12:18:02,945][robcon.py][line:60][INFO] Loss:[0.6816]
[2022-09-27 12:18:03,012][robcon.py][line:60][INFO] Loss:[0.6847]
[2022-09-27 12:18:03,081][robcon.py][line:60][INFO] Loss:[0.6739]
[2022-09-27 12:18:03,150][robcon.py][line:60][INFO] Loss:[0.6620]
[2022-09-27 12:18:03,219][robcon.py][line:60][INFO] Loss:[0.6566]
[2022-09-27 12:18:03,288][robcon.py][line:60][INFO] Loss:[0.6529]
[2022-09-27 12:18:03,356][robcon.py][line:60][INFO] Loss:[0.6565]
[2022-09-27 12:18:03,425][robcon.py][line:60][INFO] Loss:[0.6591]
[2022-09-27 12:18:03,494][robcon.py][line:60][INFO] Loss:[0.6540]
[2022-09-27 12:18:03,562][robcon.py][line:60][INFO] Loss:[0.6442]
[2022-09-27 12:18:03,630][robcon.py][line:60][INFO] Loss:[0.6339]
[2022-09-27 12:18:03,699][robcon.py][line:60][INFO] Loss:[0.6282]
[2022-09-27 12:18:03,767][robcon.py][line:60][INFO] Loss:[0.6265]
[2022-09-27 12:18:03,836][robcon.py][line:60][INFO] Loss:[0.6243]
[2022-09-27 12:18:03,905][robcon.py][line:60][INFO] Loss:[0.6168]
[2022-09-27 12:18:03,974][robcon.py][line:60][INFO] Loss:[0.6057]
[2022-09-27 12:18:04,042][robcon.py][line:60][INFO] Loss:[0.5991]
[2022-09-27 12:18:04,111][robcon.py][line:60][INFO] Loss:[0.5988]
[2022-09-27 12:18:04,180][robcon.py][line:60][INFO] Loss:[0.5872]
[2022-09-27 12:18:04,248][robcon.py][line:60][INFO] Loss:[0.5765]
[2022-09-27 12:18:04,317][robcon.py][line:60][INFO] Loss:[0.5635]
[2022-09-27 12:18:04,385][robcon.py][line:60][INFO] Loss:[0.5595]
[2022-09-27 12:18:04,452][robcon.py][line:60][INFO] Loss:[0.5456]
[2022-09-27 12:18:04,521][robcon.py][line:60][INFO] Loss:[0.5301]
[2022-09-27 12:18:04,590][robcon.py][line:60][INFO] Loss:[0.5213]
[2022-09-27 12:18:04,658][robcon.py][line:60][INFO] Loss:[0.5098]
[2022-09-27 12:18:04,727][robcon.py][line:60][INFO] Loss:[0.4935]
[2022-09-27 12:18:04,797][robcon.py][line:60][INFO] Loss:[0.4833]
[2022-09-27 12:18:04,866][robcon.py][line:60][INFO] Loss:[0.4588]
[2022-09-27 12:18:04,936][robcon.py][line:60][INFO] Loss:[0.4477]
[2022-09-27 12:18:05,004][robcon.py][line:60][INFO] Loss:[0.4342]
[2022-09-27 12:18:05,072][robcon.py][line:60][INFO] Loss:[0.4175]
[2022-09-27 12:18:05,141][robcon.py][line:60][INFO] Loss:[0.3990]
[2022-09-27 12:18:05,210][robcon.py][line:60][INFO] Loss:[0.3800]
[2022-09-27 12:18:05,280][robcon.py][line:60][INFO] Loss:[0.3701]
[2022-09-27 12:18:05,348][robcon.py][line:60][INFO] Loss:[0.3422]
[2022-09-27 12:18:05,417][robcon.py][line:60][INFO] Loss:[0.3325]
[2022-09-27 12:18:05,485][robcon.py][line:60][INFO] Loss:[0.3187]
[2022-09-27 12:18:05,553][robcon.py][line:60][INFO] Loss:[0.2985]
[2022-09-27 12:18:05,620][robcon.py][line:60][INFO] Loss:[0.2879]
[2022-09-27 12:18:05,688][robcon.py][line:60][INFO] Loss:[0.2682]
[2022-09-27 12:18:05,757][robcon.py][line:60][INFO] Loss:[0.2576]
[2022-09-27 12:18:05,824][robcon.py][line:60][INFO] Loss:[0.2425]
[2022-09-27 12:18:05,893][robcon.py][line:60][INFO] Loss:[0.2348]
[2022-09-27 12:18:05,962][robcon.py][line:60][INFO] Loss:[0.2186]
[2022-09-27 12:18:06,029][robcon.py][line:60][INFO] Loss:[0.2120]
[2022-09-27 12:18:06,097][robcon.py][line:60][INFO] Loss:[0.1925]
[2022-09-27 12:18:06,167][robcon.py][line:60][INFO] Loss:[0.1831]
[2022-09-27 12:18:06,235][robcon.py][line:60][INFO] Loss:[0.1721]
[2022-09-27 12:18:06,303][robcon.py][line:60][INFO] Loss:[0.1642]
[2022-09-27 12:18:06,372][robcon.py][line:60][INFO] Loss:[0.1595]
[2022-09-27 12:18:06,441][robcon.py][line:60][INFO] Loss:[0.1479]
[2022-09-27 12:18:06,508][robcon.py][line:60][INFO] Loss:[0.1403]
[2022-09-27 12:18:06,577][robcon.py][line:60][INFO] Loss:[0.1394]
[2022-09-27 12:18:06,646][robcon.py][line:60][INFO] Loss:[0.1290]
[2022-09-27 12:18:06,715][robcon.py][line:60][INFO] Loss:[0.1219]
[2022-09-27 12:18:06,782][robcon.py][line:60][INFO] Loss:[0.1149]
[2022-09-27 12:18:06,850][robcon.py][line:60][INFO] Loss:[0.1126]
[2022-09-27 12:18:06,918][robcon.py][line:60][INFO] Loss:[0.1076]
[2022-09-27 12:18:06,987][robcon.py][line:60][INFO] Loss:[0.1032]
[2022-09-27 12:18:07,054][robcon.py][line:60][INFO] Loss:[0.0949]
[2022-09-27 12:18:07,122][robcon.py][line:60][INFO] Loss:[0.0927]
[2022-09-27 12:18:07,190][robcon.py][line:60][INFO] Loss:[0.0948]
[2022-09-27 12:18:07,257][robcon.py][line:60][INFO] Loss:[0.0857]
[2022-09-27 12:18:07,327][robcon.py][line:60][INFO] Loss:[0.0852]
[2022-09-27 12:18:07,395][robcon.py][line:60][INFO] Loss:[0.0780]
[2022-09-27 12:18:07,464][robcon.py][line:60][INFO] Loss:[0.0762]
[2022-09-27 12:18:07,531][robcon.py][line:60][INFO] Loss:[0.0755]
[2022-09-27 12:18:07,600][robcon.py][line:60][INFO] Loss:[0.0715]
[2022-09-27 12:18:07,668][robcon.py][line:60][INFO] Loss:[0.0694]
[2022-09-27 12:18:07,735][robcon.py][line:60][INFO] Loss:[0.0620]
[2022-09-27 12:18:07,804][robcon.py][line:60][INFO] Loss:[0.0650]
[2022-09-27 12:18:07,872][robcon.py][line:60][INFO] Loss:[0.0652]
[2022-09-27 12:18:07,939][robcon.py][line:60][INFO] Loss:[0.0618]
[2022-09-27 12:18:08,008][robcon.py][line:60][INFO] Loss:[0.0630]
[2022-09-27 12:18:08,076][robcon.py][line:60][INFO] Loss:[0.0580]
[2022-09-27 12:18:08,143][robcon.py][line:60][INFO] Loss:[0.0573]
[2022-09-27 12:18:08,212][robcon.py][line:60][INFO] Loss:[0.0546]
[2022-09-27 12:18:08,280][robcon.py][line:60][INFO] Loss:[0.0535]
[2022-09-27 12:18:08,348][robcon.py][line:60][INFO] Loss:[0.0519]
[2022-09-27 12:18:08,417][robcon.py][line:60][INFO] Loss:[0.0525]
[2022-09-27 12:18:08,485][robcon.py][line:60][INFO] Loss:[0.0483]
[2022-09-27 12:18:08,554][robcon.py][line:60][INFO] Loss:[0.0508]
[2022-09-27 12:18:08,622][robcon.py][line:60][INFO] Loss:[0.0456]
[2022-09-27 12:18:08,691][robcon.py][line:60][INFO] Loss:[0.0420]
[2022-09-27 12:18:08,760][robcon.py][line:60][INFO] Loss:[0.0435]
[2022-09-27 12:18:08,829][robcon.py][line:60][INFO] Loss:[0.0476]
[2022-09-27 12:18:08,896][robcon.py][line:60][INFO] Loss:[0.0414]
[2022-09-27 12:18:08,964][robcon.py][line:60][INFO] Loss:[0.0460]
[2022-09-27 12:18:09,033][robcon.py][line:60][INFO] Loss:[0.0399]
[2022-09-27 12:18:09,101][robcon.py][line:60][INFO] Loss:[0.0403]
[2022-09-27 12:18:09,169][robcon.py][line:60][INFO] Loss:[0.0356]
[2022-09-27 12:18:09,238][robcon.py][line:60][INFO] Loss:[0.0419]
[2022-09-27 12:18:09,306][robcon.py][line:60][INFO] Loss:[0.0452]
[2022-09-27 12:18:09,373][robcon.py][line:60][INFO] Loss:[0.0420]
[2022-09-27 12:18:09,442][robcon.py][line:60][INFO] Loss:[0.0353]
[2022-09-27 12:18:09,513][robcon.py][line:60][INFO] Loss:[0.0376]
[2022-09-27 12:18:09,581][robcon.py][line:60][INFO] Loss:[0.0363]
[2022-09-27 12:18:09,649][robcon.py][line:60][INFO] Loss:[0.0356]
[2022-09-27 12:18:09,718][robcon.py][line:60][INFO] Loss:[0.0343]
[2022-09-27 12:18:09,787][robcon.py][line:60][INFO] Loss:[0.0365]
[2022-09-27 12:18:09,856][robcon.py][line:60][INFO] Loss:[0.0368]
[2022-09-27 12:18:09,924][robcon.py][line:60][INFO] Loss:[0.0360]
[2022-09-27 12:18:09,994][robcon.py][line:60][INFO] Loss:[0.0308]
[2022-09-27 12:18:10,062][robcon.py][line:60][INFO] Loss:[0.0368]
[2022-09-27 12:18:10,132][robcon.py][line:60][INFO] Loss:[0.0332]
[2022-09-27 12:18:10,200][robcon.py][line:60][INFO] Loss:[0.0385]
[2022-09-27 12:18:10,269][robcon.py][line:60][INFO] Loss:[0.0333]
[2022-09-27 12:18:10,338][robcon.py][line:60][INFO] Loss:[0.0312]
[2022-09-27 12:18:10,406][robcon.py][line:60][INFO] Loss:[0.0326]
[2022-09-27 12:18:10,475][robcon.py][line:60][INFO] Loss:[0.0317]
[2022-09-27 12:18:10,543][robcon.py][line:60][INFO] Loss:[0.0287]
[2022-09-27 12:18:10,611][robcon.py][line:60][INFO] Loss:[0.0278]
[2022-09-27 12:18:10,679][robcon.py][line:60][INFO] Loss:[0.0300]
[2022-09-27 12:18:10,747][robcon.py][line:60][INFO] Loss:[0.0304]
[2022-09-27 12:18:10,814][robcon.py][line:60][INFO] Loss:[0.0301]
[2022-09-27 12:18:10,883][robcon.py][line:60][INFO] Loss:[0.0308]
[2022-09-27 12:18:10,951][robcon.py][line:60][INFO] Loss:[0.0292]
[2022-09-27 12:18:11,020][robcon.py][line:60][INFO] Loss:[0.0283]
[2022-09-27 12:18:11,088][robcon.py][line:60][INFO] Loss:[0.0262]
[2022-09-27 12:18:11,156][robcon.py][line:60][INFO] Loss:[0.0296]
[2022-09-27 12:18:11,225][robcon.py][line:60][INFO] Loss:[0.0244]
[2022-09-27 12:18:11,293][robcon.py][line:60][INFO] Loss:[0.0238]
[2022-09-27 12:18:11,363][robcon.py][line:60][INFO] Loss:[0.0298]
[2022-09-27 12:18:11,432][robcon.py][line:60][INFO] Loss:[0.0268]
[2022-09-27 12:18:11,500][robcon.py][line:60][INFO] Loss:[0.0277]
[2022-09-27 12:18:11,568][robcon.py][line:60][INFO] Loss:[0.0291]
[2022-09-27 12:18:11,636][robcon.py][line:60][INFO] Loss:[0.0269]
[2022-09-27 12:18:11,704][robcon.py][line:60][INFO] Loss:[0.0294]
[2022-09-27 12:18:11,773][robcon.py][line:60][INFO] Loss:[0.0248]
[2022-09-27 12:18:11,842][robcon.py][line:60][INFO] Loss:[0.0211]
[2022-09-27 12:18:11,911][robcon.py][line:60][INFO] Loss:[0.0205]
[2022-09-27 12:18:11,979][robcon.py][line:60][INFO] Loss:[0.0261]
[2022-09-27 12:18:12,048][robcon.py][line:60][INFO] Loss:[0.0234]
[2022-09-27 12:18:12,116][robcon.py][line:60][INFO] Loss:[0.0228]
[2022-09-27 12:18:12,184][robcon.py][line:60][INFO] Loss:[0.0262]
[2022-09-27 12:18:12,252][robcon.py][line:60][INFO] Loss:[0.0284]
[2022-09-27 12:18:12,321][robcon.py][line:60][INFO] Loss:[0.0265]
[2022-09-27 12:18:12,390][robcon.py][line:60][INFO] Loss:[0.0225]
[2022-09-27 12:18:12,459][robcon.py][line:60][INFO] Loss:[0.0260]
[2022-09-27 12:18:12,527][robcon.py][line:60][INFO] Loss:[0.0210]
[2022-09-27 12:18:12,595][robcon.py][line:60][INFO] Loss:[0.0211]
[2022-09-27 12:18:12,662][robcon.py][line:60][INFO] Loss:[0.0225]
[2022-09-27 12:18:12,731][robcon.py][line:60][INFO] Loss:[0.0252]
[2022-09-27 12:18:12,800][robcon.py][line:60][INFO] Loss:[0.0210]
[2022-09-27 12:18:12,867][robcon.py][line:60][INFO] Loss:[0.0225]
[2022-09-27 12:18:12,936][robcon.py][line:60][INFO] Loss:[0.0214]
[2022-09-27 12:18:13,003][robcon.py][line:60][INFO] Loss:[0.0219]
[2022-09-27 12:18:13,073][robcon.py][line:60][INFO] Loss:[0.0220]
[2022-09-27 12:18:13,142][robcon.py][line:60][INFO] Loss:[0.0238]
[2022-09-27 12:18:13,211][robcon.py][line:60][INFO] Loss:[0.0270]
[2022-09-27 12:18:13,279][robcon.py][line:60][INFO] Loss:[0.0330]
[2022-09-27 12:18:13,280][robcon.py][line:71][INFO] Early stopping!
[2022-09-27 12:18:13,280][robcon.py][line:77][INFO] Loading 160th epoch
[2022-09-27 12:18:13,380][utils.py][line:109][INFO] removed 432 edges in the original graph
[2022-09-27 12:18:13,398][main.py][line:123][INFO] ===train ours on perturbed graph===
[2022-09-27 12:18:14,030][main.py][line:93][INFO] Run 00 Test Accuracy 0.8119
[2022-09-27 12:18:14,608][main.py][line:93][INFO] Run 01 Test Accuracy 0.8063
[2022-09-27 12:18:15,186][main.py][line:93][INFO] Run 02 Test Accuracy 0.8073
[2022-09-27 12:18:15,754][main.py][line:93][INFO] Run 03 Test Accuracy 0.8149
[2022-09-27 12:18:16,318][main.py][line:93][INFO] Run 04 Test Accuracy 0.8149
[2022-09-27 12:18:16,892][main.py][line:93][INFO] Run 05 Test Accuracy 0.8084
[2022-09-27 12:18:17,445][main.py][line:93][INFO] Run 06 Test Accuracy 0.8094
[2022-09-27 12:18:18,026][main.py][line:93][INFO] Run 07 Test Accuracy 0.8124
[2022-09-27 12:18:18,589][main.py][line:93][INFO] Run 08 Test Accuracy 0.8084
[2022-09-27 12:18:19,162][main.py][line:93][INFO] Run 09 Test Accuracy 0.8124
[2022-09-27 12:18:19,163][main.py][line:134][INFO] Mean Accuracy:0.810614
[2022-09-27 12:18:19,163][main.py][line:135][INFO] Standard Deviation:0.003076
